<?xml version="1.0" encoding="UTF-8"?>
<!-- Generated by org.testng.reporters.JUnitReportReporter -->
<testsuite hostname="Z100697" name="com.registration.tests.notWorking.CallForwardingTest" tests="1" failures="0" timestamp="30 Aug 2012 09:23:05 GMT" time="9.645" errors="0">
  <testcase name="callForwardingTest" time="9.645" classname="com.registration.tests.notWorking.CallForwardingTest"/>
</testsuite> <!-- com.registration.tests.notWorking.CallForwardingTest -->
