<?xml version="1.0" encoding="UTF-8"?>
<!-- Generated by org.testng.reporters.JUnitReportReporter -->
<testsuite hostname="Z100697" name="com.tariffs.tests.RegistrationOfTariffs" tests="1" failures="0" timestamp="30 Aug 2012 10:47:24 GMT" time="40.105" errors="0">
  <testcase name="testUntitled" time="40.105" classname="com.tariffs.tests.RegistrationOfTariffs"/>
</testsuite> <!-- com.tariffs.tests.RegistrationOfTariffs -->
