<?xml version="1.0" encoding="UTF-8"?>
<!-- Generated by org.testng.reporters.JUnitReportReporter -->
<testsuite hostname="Z100697" name="com.registration.tests.notWorking.CallForwardingTest" tests="1" failures="0" timestamp="30 Aug 2012 10:48:27 GMT" time="10.626" errors="0">
  <testcase name="callForwardingTest" time="10.626" classname="com.registration.tests.notWorking.CallForwardingTest"/>
</testsuite> <!-- com.registration.tests.notWorking.CallForwardingTest -->
